The system is: Linux - 5.3.0-46-generic - x86_64
Compiling the C compiler identification source file "CMakeCCompilerId.c" succeeded.
Compiler: /usr/local/gcc-9.3/bin/gcc-9.3 
Build flags: 
Id flags:  

The output was:
0


Compilation of the C compiler identification source "CMakeCCompilerId.c" produced "a.out"

The C compiler identification is GNU, found in "/home/fason/dev/c_plus_plus/CMake/collectaballs/cmake-build-debug/CMakeFiles/3.16.5/CompilerIdC/a.out"

Compiling the CXX compiler identification source file "CMakeCXXCompilerId.cpp" succeeded.
Compiler: /usr/local/gcc-9.3/bin/g++-9.3 
Build flags: 
Id flags:  

The output was:
0


Compilation of the CXX compiler identification source "CMakeCXXCompilerId.cpp" produced "a.out"

The CXX compiler identification is GNU, found in "/home/fason/dev/c_plus_plus/CMake/collectaballs/cmake-build-debug/CMakeFiles/3.16.5/CompilerIdCXX/a.out"

Determining if the C compiler works passed with the following output:
Change Dir: /home/fason/dev/c_plus_plus/CMake/collectaballs/cmake-build-debug/CMakeFiles/CMakeTmp

Run Build Command(s):/usr/bin/make cmTC_654f5/fast && /usr/bin/make -f CMakeFiles/cmTC_654f5.dir/build.make CMakeFiles/cmTC_654f5.dir/build
make[1]: Entering directory '/home/fason/dev/c_plus_plus/CMake/collectaballs/cmake-build-debug/CMakeFiles/CMakeTmp'
Building C object CMakeFiles/cmTC_654f5.dir/testCCompiler.c.o
/usr/local/gcc-9.3/bin/gcc-9.3    -o CMakeFiles/cmTC_654f5.dir/testCCompiler.c.o   -c /home/fason/dev/c_plus_plus/CMake/collectaballs/cmake-build-debug/CMakeFiles/CMakeTmp/testCCompiler.c
Linking C executable cmTC_654f5
/opt/clion-2019.3.5/bin/cmake/linux/bin/cmake -E cmake_link_script CMakeFiles/cmTC_654f5.dir/link.txt --verbose=1
/usr/local/gcc-9.3/bin/gcc-9.3      CMakeFiles/cmTC_654f5.dir/testCCompiler.c.o  -o cmTC_654f5 
make[1]: Leaving directory '/home/fason/dev/c_plus_plus/CMake/collectaballs/cmake-build-debug/CMakeFiles/CMakeTmp'



Detecting C compiler ABI info compiled with the following output:
Change Dir: /home/fason/dev/c_plus_plus/CMake/collectaballs/cmake-build-debug/CMakeFiles/CMakeTmp

Run Build Command(s):/usr/bin/make cmTC_839fc/fast && /usr/bin/make -f CMakeFiles/cmTC_839fc.dir/build.make CMakeFiles/cmTC_839fc.dir/build
make[1]: Entering directory '/home/fason/dev/c_plus_plus/CMake/collectaballs/cmake-build-debug/CMakeFiles/CMakeTmp'
Building C object CMakeFiles/cmTC_839fc.dir/CMakeCCompilerABI.c.o
/usr/local/gcc-9.3/bin/gcc-9.3   -v -o CMakeFiles/cmTC_839fc.dir/CMakeCCompilerABI.c.o   -c /opt/clion-2019.3.5/bin/cmake/linux/share/cmake-3.16/Modules/CMakeCCompilerABI.c
Using built-in specs.
COLLECT_GCC=/usr/local/gcc-9.3/bin/gcc-9.3
Target: x86_64-linux-gnu
Configured with: ../gcc-9.3.0/configure -v --build=x86_64-linux-gnu --host=x86_64-linux-gnu --target=x86_64-linux-gnu --prefix=/usr/local/gcc-9.3 --enable-checking=release --enable-languages=c,c++,fortran --disable-multilib --program-suffix=-9.3
Thread model: posix
gcc version 9.3.0 (GCC) 
COLLECT_GCC_OPTIONS='-v' '-o' 'CMakeFiles/cmTC_839fc.dir/CMakeCCompilerABI.c.o' '-c' '-mtune=generic' '-march=x86-64'
 /usr/local/gcc-9.3/libexec/gcc/x86_64-linux-gnu/9.3.0/cc1 -quiet -v -imultiarch x86_64-linux-gnu /opt/clion-2019.3.5/bin/cmake/linux/share/cmake-3.16/Modules/CMakeCCompilerABI.c -quiet -dumpbase CMakeCCompilerABI.c -mtune=generic -march=x86-64 -auxbase-strip CMakeFiles/cmTC_839fc.dir/CMakeCCompilerABI.c.o -version -o /tmp/ccCwWN2Z.s
GNU C17 (GCC) version 9.3.0 (x86_64-linux-gnu)
	compiled by GNU C version 9.3.0, GMP version 6.1.0, MPFR version 3.1.4, MPC version 1.0.3, isl version isl-0.18-GMP

GGC heuristics: --param ggc-min-expand=100 --param ggc-min-heapsize=131072
ignoring nonexistent directory "/usr/local/include/x86_64-linux-gnu"
ignoring nonexistent directory "/usr/local/gcc-9.3/lib/gcc/x86_64-linux-gnu/9.3.0/../../../../x86_64-linux-gnu/include"
#include "..." search starts here:
#include <...> search starts here:
 /usr/local/gcc-9.3/lib/gcc/x86_64-linux-gnu/9.3.0/include
 /usr/local/include
 /usr/local/gcc-9.3/include
 /usr/local/gcc-9.3/lib/gcc/x86_64-linux-gnu/9.3.0/include-fixed
 /usr/include/x86_64-linux-gnu
 /usr/include
End of search list.
GNU C17 (GCC) version 9.3.0 (x86_64-linux-gnu)
	compiled by GNU C version 9.3.0, GMP version 6.1.0, MPFR version 3.1.4, MPC version 1.0.3, isl version isl-0.18-GMP

GGC heuristics: --param ggc-min-expand=100 --param ggc-min-heapsize=131072
Compiler executable checksum: 5f8f725568988e64c4785b690d1f0ac2
COLLECT_GCC_OPTIONS='-v' '-o' 'CMakeFiles/cmTC_839fc.dir/CMakeCCompilerABI.c.o' '-c' '-mtune=generic' '-march=x86-64'
 as -v --64 -o CMakeFiles/cmTC_839fc.dir/CMakeCCompilerABI.c.o /tmp/ccCwWN2Z.s
GNU assembler version 2.33 (x86_64-linux-gnu) using BFD version (GNU Binutils for Ubuntu) 2.33
COMPILER_PATH=/usr/local/gcc-9.3/libexec/gcc/x86_64-linux-gnu/9.3.0/:/usr/local/gcc-9.3/libexec/gcc/x86_64-linux-gnu/9.3.0/:/usr/local/gcc-9.3/libexec/gcc/x86_64-linux-gnu/:/usr/local/gcc-9.3/lib/gcc/x86_64-linux-gnu/9.3.0/:/usr/local/gcc-9.3/lib/gcc/x86_64-linux-gnu/
LIBRARY_PATH=/usr/local/gcc-9.3/lib/gcc/x86_64-linux-gnu/9.3.0/:/usr/local/gcc-9.3/lib/gcc/x86_64-linux-gnu/9.3.0/../../../../lib64/:/lib/x86_64-linux-gnu/:/lib/../lib64/:/usr/lib/x86_64-linux-gnu/:/usr/lib/../lib64/:/usr/local/gcc-9.3/lib/gcc/x86_64-linux-gnu/9.3.0/../../../:/lib/:/usr/lib/
COLLECT_GCC_OPTIONS='-v' '-o' 'CMakeFiles/cmTC_839fc.dir/CMakeCCompilerABI.c.o' '-c' '-mtune=generic' '-march=x86-64'
Linking C executable cmTC_839fc
/opt/clion-2019.3.5/bin/cmake/linux/bin/cmake -E cmake_link_script CMakeFiles/cmTC_839fc.dir/link.txt --verbose=1
/usr/local/gcc-9.3/bin/gcc-9.3     -v CMakeFiles/cmTC_839fc.dir/CMakeCCompilerABI.c.o  -o cmTC_839fc 
Using built-in specs.
COLLECT_GCC=/usr/local/gcc-9.3/bin/gcc-9.3
COLLECT_LTO_WRAPPER=/usr/local/gcc-9.3/libexec/gcc/x86_64-linux-gnu/9.3.0/lto-wrapper
Target: x86_64-linux-gnu
Configured with: ../gcc-9.3.0/configure -v --build=x86_64-linux-gnu --host=x86_64-linux-gnu --target=x86_64-linux-gnu --prefix=/usr/local/gcc-9.3 --enable-checking=release --enable-languages=c,c++,fortran --disable-multilib --program-suffix=-9.3
Thread model: posix
gcc version 9.3.0 (GCC) 
COMPILER_PATH=/usr/local/gcc-9.3/libexec/gcc/x86_64-linux-gnu/9.3.0/:/usr/local/gcc-9.3/libexec/gcc/x86_64-linux-gnu/9.3.0/:/usr/local/gcc-9.3/libexec/gcc/x86_64-linux-gnu/:/usr/local/gcc-9.3/lib/gcc/x86_64-linux-gnu/9.3.0/:/usr/local/gcc-9.3/lib/gcc/x86_64-linux-gnu/
LIBRARY_PATH=/usr/local/gcc-9.3/lib/gcc/x86_64-linux-gnu/9.3.0/:/usr/local/gcc-9.3/lib/gcc/x86_64-linux-gnu/9.3.0/../../../../lib64/:/lib/x86_64-linux-gnu/:/lib/../lib64/:/usr/lib/x86_64-linux-gnu/:/usr/lib/../lib64/:/usr/local/gcc-9.3/lib/gcc/x86_64-linux-gnu/9.3.0/../../../:/lib/:/usr/lib/
COLLECT_GCC_OPTIONS='-v' '-o' 'cmTC_839fc' '-mtune=generic' '-march=x86-64'
 /usr/local/gcc-9.3/libexec/gcc/x86_64-linux-gnu/9.3.0/collect2 -plugin /usr/local/gcc-9.3/libexec/gcc/x86_64-linux-gnu/9.3.0/liblto_plugin.so -plugin-opt=/usr/local/gcc-9.3/libexec/gcc/x86_64-linux-gnu/9.3.0/lto-wrapper -plugin-opt=-fresolution=/tmp/cc0haQ4u.res -plugin-opt=-pass-through=-lgcc -plugin-opt=-pass-through=-lgcc_s -plugin-opt=-pass-through=-lc -plugin-opt=-pass-through=-lgcc -plugin-opt=-pass-through=-lgcc_s --eh-frame-hdr -m elf_x86_64 -dynamic-linker /lib64/ld-linux-x86-64.so.2 -o cmTC_839fc /lib/x86_64-linux-gnu/crt1.o /lib/x86_64-linux-gnu/crti.o /usr/local/gcc-9.3/lib/gcc/x86_64-linux-gnu/9.3.0/crtbegin.o -L/usr/local/gcc-9.3/lib/gcc/x86_64-linux-gnu/9.3.0 -L/usr/local/gcc-9.3/lib/gcc/x86_64-linux-gnu/9.3.0/../../../../lib64 -L/lib/x86_64-linux-gnu -L/lib/../lib64 -L/usr/lib/x86_64-linux-gnu -L/usr/lib/../lib64 -L/usr/local/gcc-9.3/lib/gcc/x86_64-linux-gnu/9.3.0/../../.. CMakeFiles/cmTC_839fc.dir/CMakeCCompilerABI.c.o -lgcc --push-state --as-needed -lgcc_s --pop-state -lc -lgcc --push-state --as-needed -lgcc_s --pop-state /usr/local/gcc-9.3/lib/gcc/x86_64-linux-gnu/9.3.0/crtend.o /lib/x86_64-linux-gnu/crtn.o
COLLECT_GCC_OPTIONS='-v' '-o' 'cmTC_839fc' '-mtune=generic' '-march=x86-64'
make[1]: Leaving directory '/home/fason/dev/c_plus_plus/CMake/collectaballs/cmake-build-debug/CMakeFiles/CMakeTmp'



Parsed C implicit include dir info from above output: rv=done
  found start of include info
  found start of implicit include info
    add: [/usr/local/gcc-9.3/lib/gcc/x86_64-linux-gnu/9.3.0/include]
    add: [/usr/local/include]
    add: [/usr/local/gcc-9.3/include]
    add: [/usr/local/gcc-9.3/lib/gcc/x86_64-linux-gnu/9.3.0/include-fixed]
    add: [/usr/include/x86_64-linux-gnu]
    add: [/usr/include]
  end of search list found
  collapse include dir [/usr/local/gcc-9.3/lib/gcc/x86_64-linux-gnu/9.3.0/include] ==> [/usr/local/gcc-9.3/lib/gcc/x86_64-linux-gnu/9.3.0/include]
  collapse include dir [/usr/local/include] ==> [/usr/local/include]
  collapse include dir [/usr/local/gcc-9.3/include] ==> [/usr/local/gcc-9.3/include]
  collapse include dir [/usr/local/gcc-9.3/lib/gcc/x86_64-linux-gnu/9.3.0/include-fixed] ==> [/usr/local/gcc-9.3/lib/gcc/x86_64-linux-gnu/9.3.0/include-fixed]
  collapse include dir [/usr/include/x86_64-linux-gnu] ==> [/usr/include/x86_64-linux-gnu]
  collapse include dir [/usr/include] ==> [/usr/include]
  implicit include dirs: [/usr/local/gcc-9.3/lib/gcc/x86_64-linux-gnu/9.3.0/include;/usr/local/include;/usr/local/gcc-9.3/include;/usr/local/gcc-9.3/lib/gcc/x86_64-linux-gnu/9.3.0/include-fixed;/usr/include/x86_64-linux-gnu;/usr/include]


Parsed C implicit link information from above output:
  link line regex: [^( *|.*[/\])(ld|CMAKE_LINK_STARTFILE-NOTFOUND|([^/\]+-)?ld|collect2)[^/\]*( |$)]
  ignore line: [Change Dir: /home/fason/dev/c_plus_plus/CMake/collectaballs/cmake-build-debug/CMakeFiles/CMakeTmp]
  ignore line: []
  ignore line: [Run Build Command(s):/usr/bin/make cmTC_839fc/fast && /usr/bin/make -f CMakeFiles/cmTC_839fc.dir/build.make CMakeFiles/cmTC_839fc.dir/build]
  ignore line: [make[1]: Entering directory '/home/fason/dev/c_plus_plus/CMake/collectaballs/cmake-build-debug/CMakeFiles/CMakeTmp']
  ignore line: [Building C object CMakeFiles/cmTC_839fc.dir/CMakeCCompilerABI.c.o]
  ignore line: [/usr/local/gcc-9.3/bin/gcc-9.3   -v -o CMakeFiles/cmTC_839fc.dir/CMakeCCompilerABI.c.o   -c /opt/clion-2019.3.5/bin/cmake/linux/share/cmake-3.16/Modules/CMakeCCompilerABI.c]
  ignore line: [Using built-in specs.]
  ignore line: [COLLECT_GCC=/usr/local/gcc-9.3/bin/gcc-9.3]
  ignore line: [Target: x86_64-linux-gnu]
  ignore line: [Configured with: ../gcc-9.3.0/configure -v --build=x86_64-linux-gnu --host=x86_64-linux-gnu --target=x86_64-linux-gnu --prefix=/usr/local/gcc-9.3 --enable-checking=release --enable-languages=c c++ fortran --disable-multilib --program-suffix=-9.3]
  ignore line: [Thread model: posix]
  ignore line: [gcc version 9.3.0 (GCC) ]
  ignore line: [COLLECT_GCC_OPTIONS='-v' '-o' 'CMakeFiles/cmTC_839fc.dir/CMakeCCompilerABI.c.o' '-c' '-mtune=generic' '-march=x86-64']
  ignore line: [ /usr/local/gcc-9.3/libexec/gcc/x86_64-linux-gnu/9.3.0/cc1 -quiet -v -imultiarch x86_64-linux-gnu /opt/clion-2019.3.5/bin/cmake/linux/share/cmake-3.16/Modules/CMakeCCompilerABI.c -quiet -dumpbase CMakeCCompilerABI.c -mtune=generic -march=x86-64 -auxbase-strip CMakeFiles/cmTC_839fc.dir/CMakeCCompilerABI.c.o -version -o /tmp/ccCwWN2Z.s]
  ignore line: [GNU C17 (GCC) version 9.3.0 (x86_64-linux-gnu)]
  ignore line: [	compiled by GNU C version 9.3.0  GMP version 6.1.0  MPFR version 3.1.4  MPC version 1.0.3  isl version isl-0.18-GMP]
  ignore line: []
  ignore line: [GGC heuristics: --param ggc-min-expand=100 --param ggc-min-heapsize=131072]
  ignore line: [ignoring nonexistent directory "/usr/local/include/x86_64-linux-gnu"]
  ignore line: [ignoring nonexistent directory "/usr/local/gcc-9.3/lib/gcc/x86_64-linux-gnu/9.3.0/../../../../x86_64-linux-gnu/include"]
  ignore line: [#include "..." search starts here:]
  ignore line: [#include <...> search starts here:]
  ignore line: [ /usr/local/gcc-9.3/lib/gcc/x86_64-linux-gnu/9.3.0/include]
  ignore line: [ /usr/local/include]
  ignore line: [ /usr/local/gcc-9.3/include]
  ignore line: [ /usr/local/gcc-9.3/lib/gcc/x86_64-linux-gnu/9.3.0/include-fixed]
  ignore line: [ /usr/include/x86_64-linux-gnu]
  ignore line: [ /usr/include]
  ignore line: [End of search list.]
  ignore line: [GNU C17 (GCC) version 9.3.0 (x86_64-linux-gnu)]
  ignore line: [	compiled by GNU C version 9.3.0  GMP version 6.1.0  MPFR version 3.1.4  MPC version 1.0.3  isl version isl-0.18-GMP]
  ignore line: []
  ignore line: [GGC heuristics: --param ggc-min-expand=100 --param ggc-min-heapsize=131072]
  ignore line: [Compiler executable checksum: 5f8f725568988e64c4785b690d1f0ac2]
  ignore line: [COLLECT_GCC_OPTIONS='-v' '-o' 'CMakeFiles/cmTC_839fc.dir/CMakeCCompilerABI.c.o' '-c' '-mtune=generic' '-march=x86-64']
  ignore line: [ as -v --64 -o CMakeFiles/cmTC_839fc.dir/CMakeCCompilerABI.c.o /tmp/ccCwWN2Z.s]
  ignore line: [GNU assembler version 2.33 (x86_64-linux-gnu) using BFD version (GNU Binutils for Ubuntu) 2.33]
  ignore line: [COMPILER_PATH=/usr/local/gcc-9.3/libexec/gcc/x86_64-linux-gnu/9.3.0/:/usr/local/gcc-9.3/libexec/gcc/x86_64-linux-gnu/9.3.0/:/usr/local/gcc-9.3/libexec/gcc/x86_64-linux-gnu/:/usr/local/gcc-9.3/lib/gcc/x86_64-linux-gnu/9.3.0/:/usr/local/gcc-9.3/lib/gcc/x86_64-linux-gnu/]
  ignore line: [LIBRARY_PATH=/usr/local/gcc-9.3/lib/gcc/x86_64-linux-gnu/9.3.0/:/usr/local/gcc-9.3/lib/gcc/x86_64-linux-gnu/9.3.0/../../../../lib64/:/lib/x86_64-linux-gnu/:/lib/../lib64/:/usr/lib/x86_64-linux-gnu/:/usr/lib/../lib64/:/usr/local/gcc-9.3/lib/gcc/x86_64-linux-gnu/9.3.0/../../../:/lib/:/usr/lib/]
  ignore line: [COLLECT_GCC_OPTIONS='-v' '-o' 'CMakeFiles/cmTC_839fc.dir/CMakeCCompilerABI.c.o' '-c' '-mtune=generic' '-march=x86-64']
  ignore line: [Linking C executable cmTC_839fc]
  ignore line: [/opt/clion-2019.3.5/bin/cmake/linux/bin/cmake -E cmake_link_script CMakeFiles/cmTC_839fc.dir/link.txt --verbose=1]
  ignore line: [/usr/local/gcc-9.3/bin/gcc-9.3     -v CMakeFiles/cmTC_839fc.dir/CMakeCCompilerABI.c.o  -o cmTC_839fc ]
  ignore line: [Using built-in specs.]
  ignore line: [COLLECT_GCC=/usr/local/gcc-9.3/bin/gcc-9.3]
  ignore line: [COLLECT_LTO_WRAPPER=/usr/local/gcc-9.3/libexec/gcc/x86_64-linux-gnu/9.3.0/lto-wrapper]
  ignore line: [Target: x86_64-linux-gnu]
  ignore line: [Configured with: ../gcc-9.3.0/configure -v --build=x86_64-linux-gnu --host=x86_64-linux-gnu --target=x86_64-linux-gnu --prefix=/usr/local/gcc-9.3 --enable-checking=release --enable-languages=c c++ fortran --disable-multilib --program-suffix=-9.3]
  ignore line: [Thread model: posix]
  ignore line: [gcc version 9.3.0 (GCC) ]
  ignore line: [COMPILER_PATH=/usr/local/gcc-9.3/libexec/gcc/x86_64-linux-gnu/9.3.0/:/usr/local/gcc-9.3/libexec/gcc/x86_64-linux-gnu/9.3.0/:/usr/local/gcc-9.3/libexec/gcc/x86_64-linux-gnu/:/usr/local/gcc-9.3/lib/gcc/x86_64-linux-gnu/9.3.0/:/usr/local/gcc-9.3/lib/gcc/x86_64-linux-gnu/]
  ignore line: [LIBRARY_PATH=/usr/local/gcc-9.3/lib/gcc/x86_64-linux-gnu/9.3.0/:/usr/local/gcc-9.3/lib/gcc/x86_64-linux-gnu/9.3.0/../../../../lib64/:/lib/x86_64-linux-gnu/:/lib/../lib64/:/usr/lib/x86_64-linux-gnu/:/usr/lib/../lib64/:/usr/local/gcc-9.3/lib/gcc/x86_64-linux-gnu/9.3.0/../../../:/lib/:/usr/lib/]
  ignore line: [COLLECT_GCC_OPTIONS='-v' '-o' 'cmTC_839fc' '-mtune=generic' '-march=x86-64']
  link line: [ /usr/local/gcc-9.3/libexec/gcc/x86_64-linux-gnu/9.3.0/collect2 -plugin /usr/local/gcc-9.3/libexec/gcc/x86_64-linux-gnu/9.3.0/liblto_plugin.so -plugin-opt=/usr/local/gcc-9.3/libexec/gcc/x86_64-linux-gnu/9.3.0/lto-wrapper -plugin-opt=-fresolution=/tmp/cc0haQ4u.res -plugin-opt=-pass-through=-lgcc -plugin-opt=-pass-through=-lgcc_s -plugin-opt=-pass-through=-lc -plugin-opt=-pass-through=-lgcc -plugin-opt=-pass-through=-lgcc_s --eh-frame-hdr -m elf_x86_64 -dynamic-linker /lib64/ld-linux-x86-64.so.2 -o cmTC_839fc /lib/x86_64-linux-gnu/crt1.o /lib/x86_64-linux-gnu/crti.o /usr/local/gcc-9.3/lib/gcc/x86_64-linux-gnu/9.3.0/crtbegin.o -L/usr/local/gcc-9.3/lib/gcc/x86_64-linux-gnu/9.3.0 -L/usr/local/gcc-9.3/lib/gcc/x86_64-linux-gnu/9.3.0/../../../../lib64 -L/lib/x86_64-linux-gnu -L/lib/../lib64 -L/usr/lib/x86_64-linux-gnu -L/usr/lib/../lib64 -L/usr/local/gcc-9.3/lib/gcc/x86_64-linux-gnu/9.3.0/../../.. CMakeFiles/cmTC_839fc.dir/CMakeCCompilerABI.c.o -lgcc --push-state --as-needed -lgcc_s --pop-state -lc -lgcc --push-state --as-needed -lgcc_s --pop-state /usr/local/gcc-9.3/lib/gcc/x86_64-linux-gnu/9.3.0/crtend.o /lib/x86_64-linux-gnu/crtn.o]
    arg [/usr/local/gcc-9.3/libexec/gcc/x86_64-linux-gnu/9.3.0/collect2] ==> ignore
    arg [-plugin] ==> ignore
    arg [/usr/local/gcc-9.3/libexec/gcc/x86_64-linux-gnu/9.3.0/liblto_plugin.so] ==> ignore
    arg [-plugin-opt=/usr/local/gcc-9.3/libexec/gcc/x86_64-linux-gnu/9.3.0/lto-wrapper] ==> ignore
    arg [-plugin-opt=-fresolution=/tmp/cc0haQ4u.res] ==> ignore
    arg [-plugin-opt=-pass-through=-lgcc] ==> ignore
    arg [-plugin-opt=-pass-through=-lgcc_s] ==> ignore
    arg [-plugin-opt=-pass-through=-lc] ==> ignore
    arg [-plugin-opt=-pass-through=-lgcc] ==> ignore
    arg [-plugin-opt=-pass-through=-lgcc_s] ==> ignore
    arg [--eh-frame-hdr] ==> ignore
    arg [-m] ==> ignore
    arg [elf_x86_64] ==> ignore
    arg [-dynamic-linker] ==> ignore
    arg [/lib64/ld-linux-x86-64.so.2] ==> ignore
    arg [-o] ==> ignore
    arg [cmTC_839fc] ==> ignore
    arg [/lib/x86_64-linux-gnu/crt1.o] ==> ignore
    arg [/lib/x86_64-linux-gnu/crti.o] ==> ignore
    arg [/usr/local/gcc-9.3/lib/gcc/x86_64-linux-gnu/9.3.0/crtbegin.o] ==> ignore
    arg [-L/usr/local/gcc-9.3/lib/gcc/x86_64-linux-gnu/9.3.0] ==> dir [/usr/local/gcc-9.3/lib/gcc/x86_64-linux-gnu/9.3.0]
    arg [-L/usr/local/gcc-9.3/lib/gcc/x86_64-linux-gnu/9.3.0/../../../../lib64] ==> dir [/usr/local/gcc-9.3/lib/gcc/x86_64-linux-gnu/9.3.0/../../../../lib64]
    arg [-L/lib/x86_64-linux-gnu] ==> dir [/lib/x86_64-linux-gnu]
    arg [-L/lib/../lib64] ==> dir [/lib/../lib64]
    arg [-L/usr/lib/x86_64-linux-gnu] ==> dir [/usr/lib/x86_64-linux-gnu]
    arg [-L/usr/lib/../lib64] ==> dir [/usr/lib/../lib64]
    arg [-L/usr/local/gcc-9.3/lib/gcc/x86_64-linux-gnu/9.3.0/../../..] ==> dir [/usr/local/gcc-9.3/lib/gcc/x86_64-linux-gnu/9.3.0/../../..]
    arg [CMakeFiles/cmTC_839fc.dir/CMakeCCompilerABI.c.o] ==> ignore
    arg [-lgcc] ==> lib [gcc]
    arg [--push-state] ==> ignore
    arg [--as-needed] ==> ignore
    arg [-lgcc_s] ==> lib [gcc_s]
    arg [--pop-state] ==> ignore
    arg [-lc] ==> lib [c]
    arg [-lgcc] ==> lib [gcc]
    arg [--push-state] ==> ignore
    arg [--as-needed] ==> ignore
    arg [-lgcc_s] ==> lib [gcc_s]
    arg [--pop-state] ==> ignore
    arg [/usr/local/gcc-9.3/lib/gcc/x86_64-linux-gnu/9.3.0/crtend.o] ==> ignore
    arg [/lib/x86_64-linux-gnu/crtn.o] ==> ignore
  collapse library dir [/usr/local/gcc-9.3/lib/gcc/x86_64-linux-gnu/9.3.0] ==> [/usr/local/gcc-9.3/lib/gcc/x86_64-linux-gnu/9.3.0]
  collapse library dir [/usr/local/gcc-9.3/lib/gcc/x86_64-linux-gnu/9.3.0/../../../../lib64] ==> [/usr/local/gcc-9.3/lib64]
  collapse library dir [/lib/x86_64-linux-gnu] ==> [/lib/x86_64-linux-gnu]
  collapse library dir [/lib/../lib64] ==> [/lib64]
  collapse library dir [/usr/lib/x86_64-linux-gnu] ==> [/usr/lib/x86_64-linux-gnu]
  collapse library dir [/usr/lib/../lib64] ==> [/usr/lib64]
  collapse library dir [/usr/local/gcc-9.3/lib/gcc/x86_64-linux-gnu/9.3.0/../../..] ==> [/usr/local/gcc-9.3/lib]
  implicit libs: [gcc;gcc_s;c;gcc;gcc_s]
  implicit dirs: [/usr/local/gcc-9.3/lib/gcc/x86_64-linux-gnu/9.3.0;/usr/local/gcc-9.3/lib64;/lib/x86_64-linux-gnu;/lib64;/usr/lib/x86_64-linux-gnu;/usr/lib64;/usr/local/gcc-9.3/lib]
  implicit fwks: []


Determining if the CXX compiler works passed with the following output:
Change Dir: /home/fason/dev/c_plus_plus/CMake/collectaballs/cmake-build-debug/CMakeFiles/CMakeTmp

Run Build Command(s):/usr/bin/make cmTC_92230/fast && /usr/bin/make -f CMakeFiles/cmTC_92230.dir/build.make CMakeFiles/cmTC_92230.dir/build
make[1]: Entering directory '/home/fason/dev/c_plus_plus/CMake/collectaballs/cmake-build-debug/CMakeFiles/CMakeTmp'
Building CXX object CMakeFiles/cmTC_92230.dir/testCXXCompiler.cxx.o
/usr/local/gcc-9.3/bin/g++-9.3     -o CMakeFiles/cmTC_92230.dir/testCXXCompiler.cxx.o -c /home/fason/dev/c_plus_plus/CMake/collectaballs/cmake-build-debug/CMakeFiles/CMakeTmp/testCXXCompiler.cxx
Linking CXX executable cmTC_92230
/opt/clion-2019.3.5/bin/cmake/linux/bin/cmake -E cmake_link_script CMakeFiles/cmTC_92230.dir/link.txt --verbose=1
/usr/local/gcc-9.3/bin/g++-9.3       CMakeFiles/cmTC_92230.dir/testCXXCompiler.cxx.o  -o cmTC_92230 
make[1]: Leaving directory '/home/fason/dev/c_plus_plus/CMake/collectaballs/cmake-build-debug/CMakeFiles/CMakeTmp'



Detecting CXX compiler ABI info compiled with the following output:
Change Dir: /home/fason/dev/c_plus_plus/CMake/collectaballs/cmake-build-debug/CMakeFiles/CMakeTmp

Run Build Command(s):/usr/bin/make cmTC_c3cb9/fast && /usr/bin/make -f CMakeFiles/cmTC_c3cb9.dir/build.make CMakeFiles/cmTC_c3cb9.dir/build
make[1]: Entering directory '/home/fason/dev/c_plus_plus/CMake/collectaballs/cmake-build-debug/CMakeFiles/CMakeTmp'
Building CXX object CMakeFiles/cmTC_c3cb9.dir/CMakeCXXCompilerABI.cpp.o
/usr/local/gcc-9.3/bin/g++-9.3    -v -o CMakeFiles/cmTC_c3cb9.dir/CMakeCXXCompilerABI.cpp.o -c /opt/clion-2019.3.5/bin/cmake/linux/share/cmake-3.16/Modules/CMakeCXXCompilerABI.cpp
Using built-in specs.
COLLECT_GCC=/usr/local/gcc-9.3/bin/g++-9.3
Target: x86_64-linux-gnu
Configured with: ../gcc-9.3.0/configure -v --build=x86_64-linux-gnu --host=x86_64-linux-gnu --target=x86_64-linux-gnu --prefix=/usr/local/gcc-9.3 --enable-checking=release --enable-languages=c,c++,fortran --disable-multilib --program-suffix=-9.3
Thread model: posix
gcc version 9.3.0 (GCC) 
COLLECT_GCC_OPTIONS='-v' '-o' 'CMakeFiles/cmTC_c3cb9.dir/CMakeCXXCompilerABI.cpp.o' '-c' '-shared-libgcc' '-mtune=generic' '-march=x86-64'
 /usr/local/gcc-9.3/libexec/gcc/x86_64-linux-gnu/9.3.0/cc1plus -quiet -v -imultiarch x86_64-linux-gnu -D_GNU_SOURCE /opt/clion-2019.3.5/bin/cmake/linux/share/cmake-3.16/Modules/CMakeCXXCompilerABI.cpp -quiet -dumpbase CMakeCXXCompilerABI.cpp -mtune=generic -march=x86-64 -auxbase-strip CMakeFiles/cmTC_c3cb9.dir/CMakeCXXCompilerABI.cpp.o -version -o /tmp/ccQbzHgY.s
GNU C++14 (GCC) version 9.3.0 (x86_64-linux-gnu)
	compiled by GNU C version 9.3.0, GMP version 6.1.0, MPFR version 3.1.4, MPC version 1.0.3, isl version isl-0.18-GMP

GGC heuristics: --param ggc-min-expand=100 --param ggc-min-heapsize=131072
ignoring nonexistent directory "/usr/local/include/x86_64-linux-gnu"
ignoring nonexistent directory "/usr/local/gcc-9.3/lib/gcc/x86_64-linux-gnu/9.3.0/../../../../x86_64-linux-gnu/include"
#include "..." search starts here:
#include <...> search starts here:
 /usr/local/gcc-9.3/lib/gcc/x86_64-linux-gnu/9.3.0/../../../../include/c++/9.3.0
 /usr/local/gcc-9.3/lib/gcc/x86_64-linux-gnu/9.3.0/../../../../include/c++/9.3.0/x86_64-linux-gnu
 /usr/local/gcc-9.3/lib/gcc/x86_64-linux-gnu/9.3.0/../../../../include/c++/9.3.0/backward
 /usr/local/gcc-9.3/lib/gcc/x86_64-linux-gnu/9.3.0/include
 /usr/local/include
 /usr/local/gcc-9.3/include
 /usr/local/gcc-9.3/lib/gcc/x86_64-linux-gnu/9.3.0/include-fixed
 /usr/include/x86_64-linux-gnu
 /usr/include
End of search list.
GNU C++14 (GCC) version 9.3.0 (x86_64-linux-gnu)
	compiled by GNU C version 9.3.0, GMP version 6.1.0, MPFR version 3.1.4, MPC version 1.0.3, isl version isl-0.18-GMP

GGC heuristics: --param ggc-min-expand=100 --param ggc-min-heapsize=131072
Compiler executable checksum: d83e15b642b5e1d64c06dd4ab0097fab
COLLECT_GCC_OPTIONS='-v' '-o' 'CMakeFiles/cmTC_c3cb9.dir/CMakeCXXCompilerABI.cpp.o' '-c' '-shared-libgcc' '-mtune=generic' '-march=x86-64'
 as -v --64 -o CMakeFiles/cmTC_c3cb9.dir/CMakeCXXCompilerABI.cpp.o /tmp/ccQbzHgY.s
GNU assembler version 2.33 (x86_64-linux-gnu) using BFD version (GNU Binutils for Ubuntu) 2.33
COMPILER_PATH=/usr/local/gcc-9.3/libexec/gcc/x86_64-linux-gnu/9.3.0/:/usr/local/gcc-9.3/libexec/gcc/x86_64-linux-gnu/9.3.0/:/usr/local/gcc-9.3/libexec/gcc/x86_64-linux-gnu/:/usr/local/gcc-9.3/lib/gcc/x86_64-linux-gnu/9.3.0/:/usr/local/gcc-9.3/lib/gcc/x86_64-linux-gnu/
LIBRARY_PATH=/usr/local/gcc-9.3/lib/gcc/x86_64-linux-gnu/9.3.0/:/usr/local/gcc-9.3/lib/gcc/x86_64-linux-gnu/9.3.0/../../../../lib64/:/lib/x86_64-linux-gnu/:/lib/../lib64/:/usr/lib/x86_64-linux-gnu/:/usr/lib/../lib64/:/usr/local/gcc-9.3/lib/gcc/x86_64-linux-gnu/9.3.0/../../../:/lib/:/usr/lib/
COLLECT_GCC_OPTIONS='-v' '-o' 'CMakeFiles/cmTC_c3cb9.dir/CMakeCXXCompilerABI.cpp.o' '-c' '-shared-libgcc' '-mtune=generic' '-march=x86-64'
Linking CXX executable cmTC_c3cb9
/opt/clion-2019.3.5/bin/cmake/linux/bin/cmake -E cmake_link_script CMakeFiles/cmTC_c3cb9.dir/link.txt --verbose=1
/usr/local/gcc-9.3/bin/g++-9.3      -v CMakeFiles/cmTC_c3cb9.dir/CMakeCXXCompilerABI.cpp.o  -o cmTC_c3cb9 
Using built-in specs.
COLLECT_GCC=/usr/local/gcc-9.3/bin/g++-9.3
COLLECT_LTO_WRAPPER=/usr/local/gcc-9.3/libexec/gcc/x86_64-linux-gnu/9.3.0/lto-wrapper
Target: x86_64-linux-gnu
Configured with: ../gcc-9.3.0/configure -v --build=x86_64-linux-gnu --host=x86_64-linux-gnu --target=x86_64-linux-gnu --prefix=/usr/local/gcc-9.3 --enable-checking=release --enable-languages=c,c++,fortran --disable-multilib --program-suffix=-9.3
Thread model: posix
gcc version 9.3.0 (GCC) 
COMPILER_PATH=/usr/local/gcc-9.3/libexec/gcc/x86_64-linux-gnu/9.3.0/:/usr/local/gcc-9.3/libexec/gcc/x86_64-linux-gnu/9.3.0/:/usr/local/gcc-9.3/libexec/gcc/x86_64-linux-gnu/:/usr/local/gcc-9.3/lib/gcc/x86_64-linux-gnu/9.3.0/:/usr/local/gcc-9.3/lib/gcc/x86_64-linux-gnu/
LIBRARY_PATH=/usr/local/gcc-9.3/lib/gcc/x86_64-linux-gnu/9.3.0/:/usr/local/gcc-9.3/lib/gcc/x86_64-linux-gnu/9.3.0/../../../../lib64/:/lib/x86_64-linux-gnu/:/lib/../lib64/:/usr/lib/x86_64-linux-gnu/:/usr/lib/../lib64/:/usr/local/gcc-9.3/lib/gcc/x86_64-linux-gnu/9.3.0/../../../:/lib/:/usr/lib/
COLLECT_GCC_OPTIONS='-v' '-o' 'cmTC_c3cb9' '-shared-libgcc' '-mtune=generic' '-march=x86-64'
 /usr/local/gcc-9.3/libexec/gcc/x86_64-linux-gnu/9.3.0/collect2 -plugin /usr/local/gcc-9.3/libexec/gcc/x86_64-linux-gnu/9.3.0/liblto_plugin.so -plugin-opt=/usr/local/gcc-9.3/libexec/gcc/x86_64-linux-gnu/9.3.0/lto-wrapper -plugin-opt=-fresolution=/tmp/ccpI9aPs.res -plugin-opt=-pass-through=-lgcc_s -plugin-opt=-pass-through=-lgcc -plugin-opt=-pass-through=-lc -plugin-opt=-pass-through=-lgcc_s -plugin-opt=-pass-through=-lgcc --eh-frame-hdr -m elf_x86_64 -dynamic-linker /lib64/ld-linux-x86-64.so.2 -o cmTC_c3cb9 /lib/x86_64-linux-gnu/crt1.o /lib/x86_64-linux-gnu/crti.o /usr/local/gcc-9.3/lib/gcc/x86_64-linux-gnu/9.3.0/crtbegin.o -L/usr/local/gcc-9.3/lib/gcc/x86_64-linux-gnu/9.3.0 -L/usr/local/gcc-9.3/lib/gcc/x86_64-linux-gnu/9.3.0/../../../../lib64 -L/lib/x86_64-linux-gnu -L/lib/../lib64 -L/usr/lib/x86_64-linux-gnu -L/usr/lib/../lib64 -L/usr/local/gcc-9.3/lib/gcc/x86_64-linux-gnu/9.3.0/../../.. CMakeFiles/cmTC_c3cb9.dir/CMakeCXXCompilerABI.cpp.o -lstdc++ -lm -lgcc_s -lgcc -lc -lgcc_s -lgcc /usr/local/gcc-9.3/lib/gcc/x86_64-linux-gnu/9.3.0/crtend.o /lib/x86_64-linux-gnu/crtn.o
COLLECT_GCC_OPTIONS='-v' '-o' 'cmTC_c3cb9' '-shared-libgcc' '-mtune=generic' '-march=x86-64'
make[1]: Leaving directory '/home/fason/dev/c_plus_plus/CMake/collectaballs/cmake-build-debug/CMakeFiles/CMakeTmp'



Parsed CXX implicit include dir info from above output: rv=done
  found start of include info
  found start of implicit include info
    add: [/usr/local/gcc-9.3/lib/gcc/x86_64-linux-gnu/9.3.0/../../../../include/c++/9.3.0]
    add: [/usr/local/gcc-9.3/lib/gcc/x86_64-linux-gnu/9.3.0/../../../../include/c++/9.3.0/x86_64-linux-gnu]
    add: [/usr/local/gcc-9.3/lib/gcc/x86_64-linux-gnu/9.3.0/../../../../include/c++/9.3.0/backward]
    add: [/usr/local/gcc-9.3/lib/gcc/x86_64-linux-gnu/9.3.0/include]
    add: [/usr/local/include]
    add: [/usr/local/gcc-9.3/include]
    add: [/usr/local/gcc-9.3/lib/gcc/x86_64-linux-gnu/9.3.0/include-fixed]
    add: [/usr/include/x86_64-linux-gnu]
    add: [/usr/include]
  end of search list found
  collapse include dir [/usr/local/gcc-9.3/lib/gcc/x86_64-linux-gnu/9.3.0/../../../../include/c++/9.3.0] ==> [/usr/local/gcc-9.3/include/c++/9.3.0]
  collapse include dir [/usr/local/gcc-9.3/lib/gcc/x86_64-linux-gnu/9.3.0/../../../../include/c++/9.3.0/x86_64-linux-gnu] ==> [/usr/local/gcc-9.3/include/c++/9.3.0/x86_64-linux-gnu]
  collapse include dir [/usr/local/gcc-9.3/lib/gcc/x86_64-linux-gnu/9.3.0/../../../../include/c++/9.3.0/backward] ==> [/usr/local/gcc-9.3/include/c++/9.3.0/backward]
  collapse include dir [/usr/local/gcc-9.3/lib/gcc/x86_64-linux-gnu/9.3.0/include] ==> [/usr/local/gcc-9.3/lib/gcc/x86_64-linux-gnu/9.3.0/include]
  collapse include dir [/usr/local/include] ==> [/usr/local/include]
  collapse include dir [/usr/local/gcc-9.3/include] ==> [/usr/local/gcc-9.3/include]
  collapse include dir [/usr/local/gcc-9.3/lib/gcc/x86_64-linux-gnu/9.3.0/include-fixed] ==> [/usr/local/gcc-9.3/lib/gcc/x86_64-linux-gnu/9.3.0/include-fixed]
  collapse include dir [/usr/include/x86_64-linux-gnu] ==> [/usr/include/x86_64-linux-gnu]
  collapse include dir [/usr/include] ==> [/usr/include]
  implicit include dirs: [/usr/local/gcc-9.3/include/c++/9.3.0;/usr/local/gcc-9.3/include/c++/9.3.0/x86_64-linux-gnu;/usr/local/gcc-9.3/include/c++/9.3.0/backward;/usr/local/gcc-9.3/lib/gcc/x86_64-linux-gnu/9.3.0/include;/usr/local/include;/usr/local/gcc-9.3/include;/usr/local/gcc-9.3/lib/gcc/x86_64-linux-gnu/9.3.0/include-fixed;/usr/include/x86_64-linux-gnu;/usr/include]


Parsed CXX implicit link information from above output:
  link line regex: [^( *|.*[/\])(ld|CMAKE_LINK_STARTFILE-NOTFOUND|([^/\]+-)?ld|collect2)[^/\]*( |$)]
  ignore line: [Change Dir: /home/fason/dev/c_plus_plus/CMake/collectaballs/cmake-build-debug/CMakeFiles/CMakeTmp]
  ignore line: []
  ignore line: [Run Build Command(s):/usr/bin/make cmTC_c3cb9/fast && /usr/bin/make -f CMakeFiles/cmTC_c3cb9.dir/build.make CMakeFiles/cmTC_c3cb9.dir/build]
  ignore line: [make[1]: Entering directory '/home/fason/dev/c_plus_plus/CMake/collectaballs/cmake-build-debug/CMakeFiles/CMakeTmp']
  ignore line: [Building CXX object CMakeFiles/cmTC_c3cb9.dir/CMakeCXXCompilerABI.cpp.o]
  ignore line: [/usr/local/gcc-9.3/bin/g++-9.3    -v -o CMakeFiles/cmTC_c3cb9.dir/CMakeCXXCompilerABI.cpp.o -c /opt/clion-2019.3.5/bin/cmake/linux/share/cmake-3.16/Modules/CMakeCXXCompilerABI.cpp]
  ignore line: [Using built-in specs.]
  ignore line: [COLLECT_GCC=/usr/local/gcc-9.3/bin/g++-9.3]
  ignore line: [Target: x86_64-linux-gnu]
  ignore line: [Configured with: ../gcc-9.3.0/configure -v --build=x86_64-linux-gnu --host=x86_64-linux-gnu --target=x86_64-linux-gnu --prefix=/usr/local/gcc-9.3 --enable-checking=release --enable-languages=c c++ fortran --disable-multilib --program-suffix=-9.3]
  ignore line: [Thread model: posix]
  ignore line: [gcc version 9.3.0 (GCC) ]
  ignore line: [COLLECT_GCC_OPTIONS='-v' '-o' 'CMakeFiles/cmTC_c3cb9.dir/CMakeCXXCompilerABI.cpp.o' '-c' '-shared-libgcc' '-mtune=generic' '-march=x86-64']
  ignore line: [ /usr/local/gcc-9.3/libexec/gcc/x86_64-linux-gnu/9.3.0/cc1plus -quiet -v -imultiarch x86_64-linux-gnu -D_GNU_SOURCE /opt/clion-2019.3.5/bin/cmake/linux/share/cmake-3.16/Modules/CMakeCXXCompilerABI.cpp -quiet -dumpbase CMakeCXXCompilerABI.cpp -mtune=generic -march=x86-64 -auxbase-strip CMakeFiles/cmTC_c3cb9.dir/CMakeCXXCompilerABI.cpp.o -version -o /tmp/ccQbzHgY.s]
  ignore line: [GNU C++14 (GCC) version 9.3.0 (x86_64-linux-gnu)]
  ignore line: [	compiled by GNU C version 9.3.0  GMP version 6.1.0  MPFR version 3.1.4  MPC version 1.0.3  isl version isl-0.18-GMP]
  ignore line: []
  ignore line: [GGC heuristics: --param ggc-min-expand=100 --param ggc-min-heapsize=131072]
  ignore line: [ignoring nonexistent directory "/usr/local/include/x86_64-linux-gnu"]
  ignore line: [ignoring nonexistent directory "/usr/local/gcc-9.3/lib/gcc/x86_64-linux-gnu/9.3.0/../../../../x86_64-linux-gnu/include"]
  ignore line: [#include "..." search starts here:]
  ignore line: [#include <...> search starts here:]
  ignore line: [ /usr/local/gcc-9.3/lib/gcc/x86_64-linux-gnu/9.3.0/../../../../include/c++/9.3.0]
  ignore line: [ /usr/local/gcc-9.3/lib/gcc/x86_64-linux-gnu/9.3.0/../../../../include/c++/9.3.0/x86_64-linux-gnu]
  ignore line: [ /usr/local/gcc-9.3/lib/gcc/x86_64-linux-gnu/9.3.0/../../../../include/c++/9.3.0/backward]
  ignore line: [ /usr/local/gcc-9.3/lib/gcc/x86_64-linux-gnu/9.3.0/include]
  ignore line: [ /usr/local/include]
  ignore line: [ /usr/local/gcc-9.3/include]
  ignore line: [ /usr/local/gcc-9.3/lib/gcc/x86_64-linux-gnu/9.3.0/include-fixed]
  ignore line: [ /usr/include/x86_64-linux-gnu]
  ignore line: [ /usr/include]
  ignore line: [End of search list.]
  ignore line: [GNU C++14 (GCC) version 9.3.0 (x86_64-linux-gnu)]
  ignore line: [	compiled by GNU C version 9.3.0  GMP version 6.1.0  MPFR version 3.1.4  MPC version 1.0.3  isl version isl-0.18-GMP]
  ignore line: []
  ignore line: [GGC heuristics: --param ggc-min-expand=100 --param ggc-min-heapsize=131072]
  ignore line: [Compiler executable checksum: d83e15b642b5e1d64c06dd4ab0097fab]
  ignore line: [COLLECT_GCC_OPTIONS='-v' '-o' 'CMakeFiles/cmTC_c3cb9.dir/CMakeCXXCompilerABI.cpp.o' '-c' '-shared-libgcc' '-mtune=generic' '-march=x86-64']
  ignore line: [ as -v --64 -o CMakeFiles/cmTC_c3cb9.dir/CMakeCXXCompilerABI.cpp.o /tmp/ccQbzHgY.s]
  ignore line: [GNU assembler version 2.33 (x86_64-linux-gnu) using BFD version (GNU Binutils for Ubuntu) 2.33]
  ignore line: [COMPILER_PATH=/usr/local/gcc-9.3/libexec/gcc/x86_64-linux-gnu/9.3.0/:/usr/local/gcc-9.3/libexec/gcc/x86_64-linux-gnu/9.3.0/:/usr/local/gcc-9.3/libexec/gcc/x86_64-linux-gnu/:/usr/local/gcc-9.3/lib/gcc/x86_64-linux-gnu/9.3.0/:/usr/local/gcc-9.3/lib/gcc/x86_64-linux-gnu/]
  ignore line: [LIBRARY_PATH=/usr/local/gcc-9.3/lib/gcc/x86_64-linux-gnu/9.3.0/:/usr/local/gcc-9.3/lib/gcc/x86_64-linux-gnu/9.3.0/../../../../lib64/:/lib/x86_64-linux-gnu/:/lib/../lib64/:/usr/lib/x86_64-linux-gnu/:/usr/lib/../lib64/:/usr/local/gcc-9.3/lib/gcc/x86_64-linux-gnu/9.3.0/../../../:/lib/:/usr/lib/]
  ignore line: [COLLECT_GCC_OPTIONS='-v' '-o' 'CMakeFiles/cmTC_c3cb9.dir/CMakeCXXCompilerABI.cpp.o' '-c' '-shared-libgcc' '-mtune=generic' '-march=x86-64']
  ignore line: [Linking CXX executable cmTC_c3cb9]
  ignore line: [/opt/clion-2019.3.5/bin/cmake/linux/bin/cmake -E cmake_link_script CMakeFiles/cmTC_c3cb9.dir/link.txt --verbose=1]
  ignore line: [/usr/local/gcc-9.3/bin/g++-9.3      -v CMakeFiles/cmTC_c3cb9.dir/CMakeCXXCompilerABI.cpp.o  -o cmTC_c3cb9 ]
  ignore line: [Using built-in specs.]
  ignore line: [COLLECT_GCC=/usr/local/gcc-9.3/bin/g++-9.3]
  ignore line: [COLLECT_LTO_WRAPPER=/usr/local/gcc-9.3/libexec/gcc/x86_64-linux-gnu/9.3.0/lto-wrapper]
  ignore line: [Target: x86_64-linux-gnu]
  ignore line: [Configured with: ../gcc-9.3.0/configure -v --build=x86_64-linux-gnu --host=x86_64-linux-gnu --target=x86_64-linux-gnu --prefix=/usr/local/gcc-9.3 --enable-checking=release --enable-languages=c c++ fortran --disable-multilib --program-suffix=-9.3]
  ignore line: [Thread model: posix]
  ignore line: [gcc version 9.3.0 (GCC) ]
  ignore line: [COMPILER_PATH=/usr/local/gcc-9.3/libexec/gcc/x86_64-linux-gnu/9.3.0/:/usr/local/gcc-9.3/libexec/gcc/x86_64-linux-gnu/9.3.0/:/usr/local/gcc-9.3/libexec/gcc/x86_64-linux-gnu/:/usr/local/gcc-9.3/lib/gcc/x86_64-linux-gnu/9.3.0/:/usr/local/gcc-9.3/lib/gcc/x86_64-linux-gnu/]
  ignore line: [LIBRARY_PATH=/usr/local/gcc-9.3/lib/gcc/x86_64-linux-gnu/9.3.0/:/usr/local/gcc-9.3/lib/gcc/x86_64-linux-gnu/9.3.0/../../../../lib64/:/lib/x86_64-linux-gnu/:/lib/../lib64/:/usr/lib/x86_64-linux-gnu/:/usr/lib/../lib64/:/usr/local/gcc-9.3/lib/gcc/x86_64-linux-gnu/9.3.0/../../../:/lib/:/usr/lib/]
  ignore line: [COLLECT_GCC_OPTIONS='-v' '-o' 'cmTC_c3cb9' '-shared-libgcc' '-mtune=generic' '-march=x86-64']
  link line: [ /usr/local/gcc-9.3/libexec/gcc/x86_64-linux-gnu/9.3.0/collect2 -plugin /usr/local/gcc-9.3/libexec/gcc/x86_64-linux-gnu/9.3.0/liblto_plugin.so -plugin-opt=/usr/local/gcc-9.3/libexec/gcc/x86_64-linux-gnu/9.3.0/lto-wrapper -plugin-opt=-fresolution=/tmp/ccpI9aPs.res -plugin-opt=-pass-through=-lgcc_s -plugin-opt=-pass-through=-lgcc -plugin-opt=-pass-through=-lc -plugin-opt=-pass-through=-lgcc_s -plugin-opt=-pass-through=-lgcc --eh-frame-hdr -m elf_x86_64 -dynamic-linker /lib64/ld-linux-x86-64.so.2 -o cmTC_c3cb9 /lib/x86_64-linux-gnu/crt1.o /lib/x86_64-linux-gnu/crti.o /usr/local/gcc-9.3/lib/gcc/x86_64-linux-gnu/9.3.0/crtbegin.o -L/usr/local/gcc-9.3/lib/gcc/x86_64-linux-gnu/9.3.0 -L/usr/local/gcc-9.3/lib/gcc/x86_64-linux-gnu/9.3.0/../../../../lib64 -L/lib/x86_64-linux-gnu -L/lib/../lib64 -L/usr/lib/x86_64-linux-gnu -L/usr/lib/../lib64 -L/usr/local/gcc-9.3/lib/gcc/x86_64-linux-gnu/9.3.0/../../.. CMakeFiles/cmTC_c3cb9.dir/CMakeCXXCompilerABI.cpp.o -lstdc++ -lm -lgcc_s -lgcc -lc -lgcc_s -lgcc /usr/local/gcc-9.3/lib/gcc/x86_64-linux-gnu/9.3.0/crtend.o /lib/x86_64-linux-gnu/crtn.o]
    arg [/usr/local/gcc-9.3/libexec/gcc/x86_64-linux-gnu/9.3.0/collect2] ==> ignore
    arg [-plugin] ==> ignore
    arg [/usr/local/gcc-9.3/libexec/gcc/x86_64-linux-gnu/9.3.0/liblto_plugin.so] ==> ignore
    arg [-plugin-opt=/usr/local/gcc-9.3/libexec/gcc/x86_64-linux-gnu/9.3.0/lto-wrapper] ==> ignore
    arg [-plugin-opt=-fresolution=/tmp/ccpI9aPs.res] ==> ignore
    arg [-plugin-opt=-pass-through=-lgcc_s] ==> ignore
    arg [-plugin-opt=-pass-through=-lgcc] ==> ignore
    arg [-plugin-opt=-pass-through=-lc] ==> ignore
    arg [-plugin-opt=-pass-through=-lgcc_s] ==> ignore
    arg [-plugin-opt=-pass-through=-lgcc] ==> ignore
    arg [--eh-frame-hdr] ==> ignore
    arg [-m] ==> ignore
    arg [elf_x86_64] ==> ignore
    arg [-dynamic-linker] ==> ignore
    arg [/lib64/ld-linux-x86-64.so.2] ==> ignore
    arg [-o] ==> ignore
    arg [cmTC_c3cb9] ==> ignore
    arg [/lib/x86_64-linux-gnu/crt1.o] ==> ignore
    arg [/lib/x86_64-linux-gnu/crti.o] ==> ignore
    arg [/usr/local/gcc-9.3/lib/gcc/x86_64-linux-gnu/9.3.0/crtbegin.o] ==> ignore
    arg [-L/usr/local/gcc-9.3/lib/gcc/x86_64-linux-gnu/9.3.0] ==> dir [/usr/local/gcc-9.3/lib/gcc/x86_64-linux-gnu/9.3.0]
    arg [-L/usr/local/gcc-9.3/lib/gcc/x86_64-linux-gnu/9.3.0/../../../../lib64] ==> dir [/usr/local/gcc-9.3/lib/gcc/x86_64-linux-gnu/9.3.0/../../../../lib64]
    arg [-L/lib/x86_64-linux-gnu] ==> dir [/lib/x86_64-linux-gnu]
    arg [-L/lib/../lib64] ==> dir [/lib/../lib64]
    arg [-L/usr/lib/x86_64-linux-gnu] ==> dir [/usr/lib/x86_64-linux-gnu]
    arg [-L/usr/lib/../lib64] ==> dir [/usr/lib/../lib64]
    arg [-L/usr/local/gcc-9.3/lib/gcc/x86_64-linux-gnu/9.3.0/../../..] ==> dir [/usr/local/gcc-9.3/lib/gcc/x86_64-linux-gnu/9.3.0/../../..]
    arg [CMakeFiles/cmTC_c3cb9.dir/CMakeCXXCompilerABI.cpp.o] ==> ignore
    arg [-lstdc++] ==> lib [stdc++]
    arg [-lm] ==> lib [m]
    arg [-lgcc_s] ==> lib [gcc_s]
    arg [-lgcc] ==> lib [gcc]
    arg [-lc] ==> lib [c]
    arg [-lgcc_s] ==> lib [gcc_s]
    arg [-lgcc] ==> lib [gcc]
    arg [/usr/local/gcc-9.3/lib/gcc/x86_64-linux-gnu/9.3.0/crtend.o] ==> ignore
    arg [/lib/x86_64-linux-gnu/crtn.o] ==> ignore
  collapse library dir [/usr/local/gcc-9.3/lib/gcc/x86_64-linux-gnu/9.3.0] ==> [/usr/local/gcc-9.3/lib/gcc/x86_64-linux-gnu/9.3.0]
  collapse library dir [/usr/local/gcc-9.3/lib/gcc/x86_64-linux-gnu/9.3.0/../../../../lib64] ==> [/usr/local/gcc-9.3/lib64]
  collapse library dir [/lib/x86_64-linux-gnu] ==> [/lib/x86_64-linux-gnu]
  collapse library dir [/lib/../lib64] ==> [/lib64]
  collapse library dir [/usr/lib/x86_64-linux-gnu] ==> [/usr/lib/x86_64-linux-gnu]
  collapse library dir [/usr/lib/../lib64] ==> [/usr/lib64]
  collapse library dir [/usr/local/gcc-9.3/lib/gcc/x86_64-linux-gnu/9.3.0/../../..] ==> [/usr/local/gcc-9.3/lib]
  implicit libs: [stdc++;m;gcc_s;gcc;c;gcc_s;gcc]
  implicit dirs: [/usr/local/gcc-9.3/lib/gcc/x86_64-linux-gnu/9.3.0;/usr/local/gcc-9.3/lib64;/lib/x86_64-linux-gnu;/lib64;/usr/lib/x86_64-linux-gnu;/usr/lib64;/usr/local/gcc-9.3/lib]
  implicit fwks: []


Determining if the function XOpenDisplay exists in the /usr/lib/x86_64-linux-gnu/libX11.so;/usr/lib/x86_64-linux-gnu/libXext.so passed with the following output:
Change Dir: /home/fason/dev/c_plus_plus/CMake/collectaballs/cmake-build-debug/CMakeFiles/CMakeTmp

Run Build Command(s):/usr/bin/make cmTC_94b67/fast && /usr/bin/make -f CMakeFiles/cmTC_94b67.dir/build.make CMakeFiles/cmTC_94b67.dir/build
make[1]: Entering directory '/home/fason/dev/c_plus_plus/CMake/collectaballs/cmake-build-debug/CMakeFiles/CMakeTmp'
Building C object CMakeFiles/cmTC_94b67.dir/CheckFunctionExists.c.o
/usr/local/gcc-9.3/bin/gcc-9.3   -DCHECK_FUNCTION_EXISTS=XOpenDisplay   -o CMakeFiles/cmTC_94b67.dir/CheckFunctionExists.c.o   -c /opt/clion-2019.3.5/bin/cmake/linux/share/cmake-3.16/Modules/CheckFunctionExists.c
Linking C executable cmTC_94b67
/opt/clion-2019.3.5/bin/cmake/linux/bin/cmake -E cmake_link_script CMakeFiles/cmTC_94b67.dir/link.txt --verbose=1
/usr/local/gcc-9.3/bin/gcc-9.3  -DCHECK_FUNCTION_EXISTS=XOpenDisplay    -rdynamic CMakeFiles/cmTC_94b67.dir/CheckFunctionExists.c.o  -o cmTC_94b67  /usr/lib/x86_64-linux-gnu/libX11.so /usr/lib/x86_64-linux-gnu/libXext.so 
make[1]: Leaving directory '/home/fason/dev/c_plus_plus/CMake/collectaballs/cmake-build-debug/CMakeFiles/CMakeTmp'



Determining if the function gethostbyname exists passed with the following output:
Change Dir: /home/fason/dev/c_plus_plus/CMake/collectaballs/cmake-build-debug/CMakeFiles/CMakeTmp

Run Build Command(s):/usr/bin/make cmTC_68525/fast && /usr/bin/make -f CMakeFiles/cmTC_68525.dir/build.make CMakeFiles/cmTC_68525.dir/build
make[1]: Entering directory '/home/fason/dev/c_plus_plus/CMake/collectaballs/cmake-build-debug/CMakeFiles/CMakeTmp'
Building C object CMakeFiles/cmTC_68525.dir/CheckFunctionExists.c.o
/usr/local/gcc-9.3/bin/gcc-9.3   -DCHECK_FUNCTION_EXISTS=gethostbyname   -o CMakeFiles/cmTC_68525.dir/CheckFunctionExists.c.o   -c /opt/clion-2019.3.5/bin/cmake/linux/share/cmake-3.16/Modules/CheckFunctionExists.c
Linking C executable cmTC_68525
/opt/clion-2019.3.5/bin/cmake/linux/bin/cmake -E cmake_link_script CMakeFiles/cmTC_68525.dir/link.txt --verbose=1
/usr/local/gcc-9.3/bin/gcc-9.3  -DCHECK_FUNCTION_EXISTS=gethostbyname    -rdynamic CMakeFiles/cmTC_68525.dir/CheckFunctionExists.c.o  -o cmTC_68525 
make[1]: Leaving directory '/home/fason/dev/c_plus_plus/CMake/collectaballs/cmake-build-debug/CMakeFiles/CMakeTmp'



Determining if the function connect exists passed with the following output:
Change Dir: /home/fason/dev/c_plus_plus/CMake/collectaballs/cmake-build-debug/CMakeFiles/CMakeTmp

Run Build Command(s):/usr/bin/make cmTC_80470/fast && /usr/bin/make -f CMakeFiles/cmTC_80470.dir/build.make CMakeFiles/cmTC_80470.dir/build
make[1]: Entering directory '/home/fason/dev/c_plus_plus/CMake/collectaballs/cmake-build-debug/CMakeFiles/CMakeTmp'
Building C object CMakeFiles/cmTC_80470.dir/CheckFunctionExists.c.o
/usr/local/gcc-9.3/bin/gcc-9.3   -DCHECK_FUNCTION_EXISTS=connect   -o CMakeFiles/cmTC_80470.dir/CheckFunctionExists.c.o   -c /opt/clion-2019.3.5/bin/cmake/linux/share/cmake-3.16/Modules/CheckFunctionExists.c
Linking C executable cmTC_80470
/opt/clion-2019.3.5/bin/cmake/linux/bin/cmake -E cmake_link_script CMakeFiles/cmTC_80470.dir/link.txt --verbose=1
/usr/local/gcc-9.3/bin/gcc-9.3  -DCHECK_FUNCTION_EXISTS=connect    -rdynamic CMakeFiles/cmTC_80470.dir/CheckFunctionExists.c.o  -o cmTC_80470 
make[1]: Leaving directory '/home/fason/dev/c_plus_plus/CMake/collectaballs/cmake-build-debug/CMakeFiles/CMakeTmp'



Determining if the function remove exists passed with the following output:
Change Dir: /home/fason/dev/c_plus_plus/CMake/collectaballs/cmake-build-debug/CMakeFiles/CMakeTmp

Run Build Command(s):/usr/bin/make cmTC_40c77/fast && /usr/bin/make -f CMakeFiles/cmTC_40c77.dir/build.make CMakeFiles/cmTC_40c77.dir/build
make[1]: Entering directory '/home/fason/dev/c_plus_plus/CMake/collectaballs/cmake-build-debug/CMakeFiles/CMakeTmp'
Building C object CMakeFiles/cmTC_40c77.dir/CheckFunctionExists.c.o
/usr/local/gcc-9.3/bin/gcc-9.3   -DCHECK_FUNCTION_EXISTS=remove   -o CMakeFiles/cmTC_40c77.dir/CheckFunctionExists.c.o   -c /opt/clion-2019.3.5/bin/cmake/linux/share/cmake-3.16/Modules/CheckFunctionExists.c
Linking C executable cmTC_40c77
/opt/clion-2019.3.5/bin/cmake/linux/bin/cmake -E cmake_link_script CMakeFiles/cmTC_40c77.dir/link.txt --verbose=1
/usr/local/gcc-9.3/bin/gcc-9.3  -DCHECK_FUNCTION_EXISTS=remove    -rdynamic CMakeFiles/cmTC_40c77.dir/CheckFunctionExists.c.o  -o cmTC_40c77 
make[1]: Leaving directory '/home/fason/dev/c_plus_plus/CMake/collectaballs/cmake-build-debug/CMakeFiles/CMakeTmp'



Determining if the function shmat exists passed with the following output:
Change Dir: /home/fason/dev/c_plus_plus/CMake/collectaballs/cmake-build-debug/CMakeFiles/CMakeTmp

Run Build Command(s):/usr/bin/make cmTC_7dc3b/fast && /usr/bin/make -f CMakeFiles/cmTC_7dc3b.dir/build.make CMakeFiles/cmTC_7dc3b.dir/build
make[1]: Entering directory '/home/fason/dev/c_plus_plus/CMake/collectaballs/cmake-build-debug/CMakeFiles/CMakeTmp'
Building C object CMakeFiles/cmTC_7dc3b.dir/CheckFunctionExists.c.o
/usr/local/gcc-9.3/bin/gcc-9.3   -DCHECK_FUNCTION_EXISTS=shmat   -o CMakeFiles/cmTC_7dc3b.dir/CheckFunctionExists.c.o   -c /opt/clion-2019.3.5/bin/cmake/linux/share/cmake-3.16/Modules/CheckFunctionExists.c
Linking C executable cmTC_7dc3b
/opt/clion-2019.3.5/bin/cmake/linux/bin/cmake -E cmake_link_script CMakeFiles/cmTC_7dc3b.dir/link.txt --verbose=1
/usr/local/gcc-9.3/bin/gcc-9.3  -DCHECK_FUNCTION_EXISTS=shmat    -rdynamic CMakeFiles/cmTC_7dc3b.dir/CheckFunctionExists.c.o  -o cmTC_7dc3b 
make[1]: Leaving directory '/home/fason/dev/c_plus_plus/CMake/collectaballs/cmake-build-debug/CMakeFiles/CMakeTmp'



Determining if the function IceConnectionNumber exists in the ICE passed with the following output:
Change Dir: /home/fason/dev/c_plus_plus/CMake/collectaballs/cmake-build-debug/CMakeFiles/CMakeTmp

Run Build Command(s):/usr/bin/make cmTC_bb328/fast && /usr/bin/make -f CMakeFiles/cmTC_bb328.dir/build.make CMakeFiles/cmTC_bb328.dir/build
make[1]: Entering directory '/home/fason/dev/c_plus_plus/CMake/collectaballs/cmake-build-debug/CMakeFiles/CMakeTmp'
Building C object CMakeFiles/cmTC_bb328.dir/CheckFunctionExists.c.o
/usr/local/gcc-9.3/bin/gcc-9.3   -DCHECK_FUNCTION_EXISTS=IceConnectionNumber   -o CMakeFiles/cmTC_bb328.dir/CheckFunctionExists.c.o   -c /opt/clion-2019.3.5/bin/cmake/linux/share/cmake-3.16/Modules/CheckFunctionExists.c
Linking C executable cmTC_bb328
/opt/clion-2019.3.5/bin/cmake/linux/bin/cmake -E cmake_link_script CMakeFiles/cmTC_bb328.dir/link.txt --verbose=1
/usr/local/gcc-9.3/bin/gcc-9.3  -DCHECK_FUNCTION_EXISTS=IceConnectionNumber    -rdynamic CMakeFiles/cmTC_bb328.dir/CheckFunctionExists.c.o  -o cmTC_bb328  -lICE 
make[1]: Leaving directory '/home/fason/dev/c_plus_plus/CMake/collectaballs/cmake-build-debug/CMakeFiles/CMakeTmp'



